#
# There is insufficient memory for the Java Runtime Environment to continue.
# Native memory allocation (mmap) failed to map 536870912 bytes for committing reserved memory.
# Possible reasons:
#   The system is out of physical RAM or swap space
#   The process is running with CompressedOops enabled, and the Java Heap may be blocking the growth of the native heap
# Possible solutions:
#   Reduce memory load on the system
#   Increase physical memory or swap space
#   Check if swap backing store is full
#   Decrease Java heap size (-Xmx/-Xms)
#   Decrease number of Java threads
#   Decrease Java thread stack sizes (-Xss)
#   Set larger code cache with -XX:ReservedCodeCacheSize=
# This output file may be truncated or incomplete.
#
#  Out of Memory Error (os_linux.cpp:2757), pid=8958, tid=0x00007feadb4b3700
#
# JRE version:  (8.0_232-b09) (build )
# Java VM: OpenJDK 64-Bit Server VM (25.232-b09 mixed mode linux-amd64 compressed oops)
# Failed to write core dump. Core dumps have been disabled. To enable core dumping, try "ulimit -c unlimited" before starting Java again
#

---------------  T H R E A D  ---------------

Current thread (0x00007fead400c800):  JavaThread "Unknown thread" [_thread_in_vm, id=8966, stack(0x00007feadb473000,0x00007feadb4b4000)]

Stack: [0x00007feadb473000,0x00007feadb4b4000],  sp=0x00007feadb4b2490,  free space=253k
Native frames: (J=compiled Java code, j=interpreted, Vv=VM code, C=native code)
V  [libjvm.so+0xa7957b]
V  [libjvm.so+0x4cc33c]
V  [libjvm.so+0x8c7f77]
V  [libjvm.so+0x8bf78c]
V  [libjvm.so+0x59c07c]
V  [libjvm.so+0x59c23c]
V  [libjvm.so+0x59ef75]
V  [libjvm.so+0x602f76]
V  [libjvm.so+0x603efd]
V  [libjvm.so+0x60439a]
V  [libjvm.so+0x5773ca]
V  [libjvm.so+0x5801a5]
V  [libjvm.so+0xa3d149]
V  [libjvm.so+0xa3d392]
V  [libjvm.so+0x6179df]
V  [libjvm.so+0xa227bb]
V  [libjvm.so+0x692402]  JNI_CreateJavaVM+0x62
C  [libjli.so+0x2f2e]
C  [libjli.so+0x74ed]
C  [libpthread.so.0+0x76ba]  start_thread+0xca


---------------  P R O C E S S  ---------------

Java Threads: ( => current thread )

Other Threads:

=>0x00007fead400c800 (exited) JavaThread "Unknown thread" [_thread_in_vm, id=8966, stack(0x00007feadb473000,0x00007feadb4b4000)]

VM state:not at safepoint (not fully initialized)

VM Mutex/Monitor currently owned by a thread:  ([mutex/lock_event])
[0x00007fead4009020] Heap_lock - owner thread: 0x00007fead400c800

heap address: 0x00000000e0000000, size: 512 MB, Compressed Oops mode: Non-zero based:0x00000000dffff000
Narrow klass base: 0x0000000000000000, Narrow klass shift: 0

GC Heap History (0 events):
No events

Deoptimization events (0 events):
No events

Classes redefined (0 events):
No events

Internal exceptions (0 events):
No events

Events (0 events):
No events


Dynamic libraries:
00400000-00401000 r-xp 00000000 ca:01 256656                             /usr/lib/jvm/java-8-openjdk-amd64/jre/bin/java
00600000-00601000 r--p 00000000 ca:01 256656                             /usr/lib/jvm/java-8-openjdk-amd64/jre/bin/java
00601000-00602000 rw-p 00001000 ca:01 256656                             /usr/lib/jvm/java-8-openjdk-amd64/jre/bin/java
01e03000-01e24000 rw-p 00000000 00:00 0                                  [heap]
7feaac000000-7feaac021000 rw-p 00000000 00:00 0 
7feaac021000-7feab0000000 ---p 00000000 00:00 0 
7feab0000000-7feab0021000 rw-p 00000000 00:00 0 
7feab0021000-7feab4000000 ---p 00000000 00:00 0 
7feab4000000-7feab4021000 rw-p 00000000 00:00 0 
7feab4021000-7feab8000000 ---p 00000000 00:00 0 
7feab8000000-7feab8021000 rw-p 00000000 00:00 0 
7feab8021000-7feabc000000 ---p 00000000 00:00 0 
7feabd000000-7feabf000000 rw-p 00000000 00:00 0 
7feabf000000-7feac0000000 ---p 00000000 00:00 0 
7feac0000000-7feac0021000 rw-p 00000000 00:00 0 
7feac0021000-7feac4000000 ---p 00000000 00:00 0 
7feac4031000-7feac4132000 rw-p 00000000 00:00 0 
7feac4132000-7feac4133000 ---p 00000000 00:00 0 
7feac4133000-7feac4233000 rw-p 00000000 00:00 0 
7feac4233000-7feac4234000 ---p 00000000 00:00 0 
7feac4234000-7feac4334000 rw-p 00000000 00:00 0 
7feac4334000-7feac4734000 ---p 00000000 00:00 0 
7feac4734000-7feac4735000 ---p 00000000 00:00 0 
7feac4735000-7feac4835000 rw-p 00000000 00:00 0 
7feac4835000-7feac4836000 ---p 00000000 00:00 0 
7feac4836000-7feac4a41000 rw-p 00000000 00:00 0 
7feac4a41000-7feac4df7000 ---p 00000000 00:00 0 
7feac4df7000-7feac5067000 rwxp 00000000 00:00 0 
7feac5067000-7fead3df7000 ---p 00000000 00:00 0 
7fead3df7000-7fead3dff000 r-xp 00000000 ca:01 256600                     /usr/lib/jvm/java-8-openjdk-amd64/jre/lib/amd64/libzip.so
7fead3dff000-7fead3ffe000 ---p 00008000 ca:01 256600                     /usr/lib/jvm/java-8-openjdk-amd64/jre/lib/amd64/libzip.so
7fead3ffe000-7fead3fff000 r--p 00007000 ca:01 256600                     /usr/lib/jvm/java-8-openjdk-amd64/jre/lib/amd64/libzip.so
7fead3fff000-7fead4000000 rw-p 00008000 ca:01 256600                     /usr/lib/jvm/java-8-openjdk-amd64/jre/lib/amd64/libzip.so
7fead4000000-7fead404c000 rw-p 00000000 00:00 0 
7fead404c000-7fead8000000 ---p 00000000 00:00 0 
7fead800e000-7fead8019000 r-xp 00000000 ca:01 2084                       /lib/x86_64-linux-gnu/libnss_files-2.23.so
7fead8019000-7fead8218000 ---p 0000b000 ca:01 2084                       /lib/x86_64-linux-gnu/libnss_files-2.23.so
7fead8218000-7fead8219000 r--p 0000a000 ca:01 2084                       /lib/x86_64-linux-gnu/libnss_files-2.23.so
7fead8219000-7fead821a000 rw-p 0000b000 ca:01 2084                       /lib/x86_64-linux-gnu/libnss_files-2.23.so
7fead821a000-7fead8220000 rw-p 00000000 00:00 0 
7fead8220000-7fead822b000 r-xp 00000000 ca:01 2076                       /lib/x86_64-linux-gnu/libnss_nis-2.23.so
7fead822b000-7fead842a000 ---p 0000b000 ca:01 2076                       /lib/x86_64-linux-gnu/libnss_nis-2.23.so
7fead842a000-7fead842b000 r--p 0000a000 ca:01 2076                       /lib/x86_64-linux-gnu/libnss_nis-2.23.so
7fead842b000-7fead842c000 rw-p 0000b000 ca:01 2076                       /lib/x86_64-linux-gnu/libnss_nis-2.23.so
7fead842c000-7fead8442000 r-xp 00000000 ca:01 2081                       /lib/x86_64-linux-gnu/libnsl-2.23.so
7fead8442000-7fead8641000 ---p 00016000 ca:01 2081                       /lib/x86_64-linux-gnu/libnsl-2.23.so
7fead8641000-7fead8642000 r--p 00015000 ca:01 2081                       /lib/x86_64-linux-gnu/libnsl-2.23.so
7fead8642000-7fead8643000 rw-p 00016000 ca:01 2081                       /lib/x86_64-linux-gnu/libnsl-2.23.so
7fead8643000-7fead8645000 rw-p 00000000 00:00 0 
7fead8645000-7fead864d000 r-xp 00000000 ca:01 2088                       /lib/x86_64-linux-gnu/libnss_compat-2.23.so
7fead864d000-7fead884c000 ---p 00008000 ca:01 2088                       /lib/x86_64-linux-gnu/libnss_compat-2.23.so
7fead884c000-7fead884d000 r--p 00007000 ca:01 2088                       /lib/x86_64-linux-gnu/libnss_compat-2.23.so
7fead884d000-7fead884e000 rw-p 00008000 ca:01 2088                       /lib/x86_64-linux-gnu/libnss_compat-2.23.so
7fead884e000-7fead8877000 r-xp 00000000 ca:01 256617                     /usr/lib/jvm/java-8-openjdk-amd64/jre/lib/amd64/libjava.so
7fead8877000-7fead8a77000 ---p 00029000 ca:01 256617                     /usr/lib/jvm/java-8-openjdk-amd64/jre/lib/amd64/libjava.so
7fead8a77000-7fead8a78000 r--p 00029000 ca:01 256617                     /usr/lib/jvm/java-8-openjdk-amd64/jre/lib/amd64/libjava.so
7fead8a78000-7fead8a7a000 rw-p 0002a000 ca:01 256617                     /usr/lib/jvm/java-8-openjdk-amd64/jre/lib/amd64/libjava.so
7fead8a7a000-7fead8a89000 r-xp 00000000 ca:01 256606                     /usr/lib/jvm/java-8-openjdk-amd64/jre/lib/amd64/libverify.so
7fead8a89000-7fead8c88000 ---p 0000f000 ca:01 256606                     /usr/lib/jvm/java-8-openjdk-amd64/jre/lib/amd64/libverify.so
7fead8c88000-7fead8c8a000 r--p 0000e000 ca:01 256606                     /usr/lib/jvm/java-8-openjdk-amd64/jre/lib/amd64/libverify.so
7fead8c8a000-7fead8c8b000 rw-p 00010000 ca:01 256606                     /usr/lib/jvm/java-8-openjdk-amd64/jre/lib/amd64/libverify.so
7fead8c8b000-7fead8c92000 r-xp 00000000 ca:01 2067                       /lib/x86_64-linux-gnu/librt-2.23.so
7fead8c92000-7fead8e91000 ---p 00007000 ca:01 2067                       /lib/x86_64-linux-gnu/librt-2.23.so
7fead8e91000-7fead8e92000 r--p 00006000 ca:01 2067                       /lib/x86_64-linux-gnu/librt-2.23.so
7fead8e92000-7fead8e93000 rw-p 00007000 ca:01 2067                       /lib/x86_64-linux-gnu/librt-2.23.so
7fead8e93000-7fead8ea9000 r-xp 00000000 ca:01 1995                       /lib/x86_64-linux-gnu/libgcc_s.so.1
7fead8ea9000-7fead90a8000 ---p 00016000 ca:01 1995                       /lib/x86_64-linux-gnu/libgcc_s.so.1
7fead90a8000-7fead90a9000 rw-p 00015000 ca:01 1995                       /lib/x86_64-linux-gnu/libgcc_s.so.1
7fead90a9000-7fead91b1000 r-xp 00000000 ca:01 2090                       /lib/x86_64-linux-gnu/libm-2.23.so
7fead91b1000-7fead93b0000 ---p 00108000 ca:01 2090                       /lib/x86_64-linux-gnu/libm-2.23.so
7fead93b0000-7fead93b1000 r--p 00107000 ca:01 2090                       /lib/x86_64-linux-gnu/libm-2.23.so
7fead93b1000-7fead93b2000 rw-p 00108000 ca:01 2090                       /lib/x86_64-linux-gnu/libm-2.23.so
7fead93b2000-7fead9524000 r-xp 00000000 ca:01 25939                      /usr/lib/x86_64-linux-gnu/libstdc++.so.6.0.21
7fead9524000-7fead9724000 ---p 00172000 ca:01 25939                      /usr/lib/x86_64-linux-gnu/libstdc++.so.6.0.21
7fead9724000-7fead972e000 r--p 00172000 ca:01 25939                      /usr/lib/x86_64-linux-gnu/libstdc++.so.6.0.21
7fead972e000-7fead9730000 rw-p 0017c000 ca:01 25939                      /usr/lib/x86_64-linux-gnu/libstdc++.so.6.0.21
7fead9730000-7fead9734000 rw-p 00000000 00:00 0 
7fead9734000-7feada39a000 r-xp 00000000 ca:01 256613                     /usr/lib/jvm/java-8-openjdk-amd64/jre/lib/amd64/server/libjvm.so
7feada39a000-7feada59a000 ---p 00c66000 ca:01 256613                     /usr/lib/jvm/java-8-openjdk-amd64/jre/lib/amd64/server/libjvm.so
7feada59a000-7feada62e000 r--p 00c66000 ca:01 256613                     /usr/lib/jvm/java-8-openjdk-amd64/jre/lib/amd64/server/libjvm.so
7feada62e000-7feada657000 rw-p 00cfa000 ca:01 256613                     /usr/lib/jvm/java-8-openjdk-amd64/jre/lib/amd64/server/libjvm.so
7feada657000-7feada687000 rw-p 00000000 00:00 0 
7feada687000-7feada69f000 r-xp 00000000 ca:01 2073                       /lib/x86_64-linux-gnu/libpthread-2.23.so
7feada69f000-7feada89e000 ---p 00018000 ca:01 2073                       /lib/x86_64-linux-gnu/libpthread-2.23.so
7feada89e000-7feada89f000 r--p 00017000 ca:01 2073                       /lib/x86_64-linux-gnu/libpthread-2.23.so
7feada89f000-7feada8a0000 rw-p 00018000 ca:01 2073                       /lib/x86_64-linux-gnu/libpthread-2.23.so
7feada8a0000-7feada8a4000 rw-p 00000000 00:00 0 
7feada8a4000-7feada8a7000 r-xp 00000000 ca:01 2069                       /lib/x86_64-linux-gnu/libdl-2.23.so
7feada8a7000-7feadaaa6000 ---p 00003000 ca:01 2069                       /lib/x86_64-linux-gnu/libdl-2.23.so
7feadaaa6000-7feadaaa7000 r--p 00002000 ca:01 2069                       /lib/x86_64-linux-gnu/libdl-2.23.so
7feadaaa7000-7feadaaa8000 rw-p 00003000 ca:01 2069                       /lib/x86_64-linux-gnu/libdl-2.23.so
7feadaaa8000-7feadaac1000 r-xp 00000000 ca:01 2150                       /lib/x86_64-linux-gnu/libz.so.1.2.8
7feadaac1000-7feadacc0000 ---p 00019000 ca:01 2150                       /lib/x86_64-linux-gnu/libz.so.1.2.8
7feadacc0000-7feadacc1000 r--p 00018000 ca:01 2150                       /lib/x86_64-linux-gnu/libz.so.1.2.8
7feadacc1000-7feadacc2000 rw-p 00019000 ca:01 2150                       /lib/x86_64-linux-gnu/libz.so.1.2.8
7feadacc2000-7feadae82000 r-xp 00000000 ca:01 2087                       /lib/x86_64-linux-gnu/libc-2.23.so
7feadae82000-7feadb082000 ---p 001c0000 ca:01 2087                       /lib/x86_64-linux-gnu/libc-2.23.so
7feadb082000-7feadb086000 r--p 001c0000 ca:01 2087                       /lib/x86_64-linux-gnu/libc-2.23.so
7feadb086000-7feadb088000 rw-p 001c4000 ca:01 2087                       /lib/x86_64-linux-gnu/libc-2.23.so
7feadb088000-7feadb08c000 rw-p 00000000 00:00 0 
7feadb08c000-7feadb099000 r-xp 00000000 ca:01 256626                     /usr/lib/jvm/java-8-openjdk-amd64/jre/lib/amd64/jli/libjli.so
7feadb099000-7feadb299000 ---p 0000d000 ca:01 256626                     /usr/lib/jvm/java-8-openjdk-amd64/jre/lib/amd64/jli/libjli.so
7feadb299000-7feadb29a000 r--p 0000d000 ca:01 256626                     /usr/lib/jvm/java-8-openjdk-amd64/jre/lib/amd64/jli/libjli.so
7feadb29a000-7feadb29b000 rw-p 0000e000 ca:01 256626                     /usr/lib/jvm/java-8-openjdk-amd64/jre/lib/amd64/jli/libjli.so
7feadb29b000-7feadb2c1000 r-xp 00000000 ca:01 2070                       /lib/x86_64-linux-gnu/ld-2.23.so
7feadb328000-7feadb36a000 rw-p 00000000 00:00 0 
7feadb36a000-7feadb36b000 ---p 00000000 00:00 0 
7feadb36b000-7feadb46b000 rw-p 00000000 00:00 0 
7feadb46b000-7feadb473000 rw-s 00000000 ca:01 259319                     /tmp/hsperfdata_root/8958
7feadb473000-7feadb476000 ---p 00000000 00:00 0 
7feadb476000-7feadb4b8000 rw-p 00000000 00:00 0 
7feadb4bd000-7feadb4be000 rw-p 00000000 00:00 0 
7feadb4be000-7feadb4bf000 r--p 00000000 00:00 0 
7feadb4bf000-7feadb4c0000 rw-p 00000000 00:00 0 
7feadb4c0000-7feadb4c1000 r--p 00025000 ca:01 2070                       /lib/x86_64-linux-gnu/ld-2.23.so
7feadb4c1000-7feadb4c2000 rw-p 00026000 ca:01 2070                       /lib/x86_64-linux-gnu/ld-2.23.so
7feadb4c2000-7feadb4c3000 rw-p 00000000 00:00 0 
7ffef8be5000-7ffef8c06000 rw-p 00000000 00:00 0                          [stack]
7ffef8db3000-7ffef8db6000 r--p 00000000 00:00 0                          [vvar]
7ffef8db6000-7ffef8db8000 r-xp 00000000 00:00 0                          [vdso]
ffffffffff600000-ffffffffff601000 r-xp 00000000 00:00 0                  [vsyscall]

VM Arguments:
jvm_args: -Djava.util.logging.config.file=/root/jfrog/tomcat/conf/logging.properties -Djava.util.logging.manager=org.apache.juli.ClassLoaderLogManager -Djdk.tls.ephemeralDHKeySize=2048 -Djava.protocol.handler.pkgs=org.apache.catalina.webresources -Dorg.apache.catalina.security.SecurityListener.UMASK=0027 -Xms512m -Xmx512m -Xss256k -XX:+UseG1GC -XX:OnOutOfMemoryError=kill -9 %p -Djruby.bytecode.version=1.8 -Djruby.compile.invokedynamic=false -Dfile.encoding=UTF8 -Dartdist=zip -Dorg.apache.tomcat.util.buf.UDecoder.ALLOW_ENCODED_SLASH=true -Djava.security.egd=file:/dev/./urandom -Dartifactory.home=/root/jfrog -Dfile.encoding=UTF8 -Djruby.bytecode.version=1.8 -Djruby.compile.invokedynamic=false -Dignore.endorsed.dirs= -Dcatalina.base=/root/jfrog/tomcat -Dcatalina.home=/root/jfrog/tomcat -Djava.io.tmpdir=/root/jfrog/tomcat/temp 
java_command: org.apache.catalina.startup.Bootstrap start
java_class_path (initial): /root/jfrog/tomcat/bin/bootstrap.jar:/root/jfrog/tomcat/bin/tomcat-juli.jar
Launcher Type: SUN_STANDARD

Environment Variables:
PATH=/usr/local/sbin:/usr/local/bin:/usr/sbin:/usr/bin:/sbin:/bin:/usr/games:/usr/local/games
USERNAME=root
SHELL=/bin/bash

Signal Handlers:
SIGSEGV: [libjvm.so+0xa7a0e0], sa_mask[0]=11111111011111111101111111111110, sa_flags=SA_RESTART|SA_SIGINFO
SIGBUS: [libjvm.so+0xa7a0e0], sa_mask[0]=11111111011111111101111111111110, sa_flags=SA_RESTART|SA_SIGINFO
SIGFPE: [libjvm.so+0x8c2e80], sa_mask[0]=11111111011111111101111111111110, sa_flags=SA_RESTART|SA_SIGINFO
SIGPIPE: [libjvm.so+0x8c2e80], sa_mask[0]=11111111011111111101111111111110, sa_flags=SA_RESTART|SA_SIGINFO
SIGXFSZ: [libjvm.so+0x8c2e80], sa_mask[0]=11111111011111111101111111111110, sa_flags=SA_RESTART|SA_SIGINFO
SIGILL: [libjvm.so+0x8c2e80], sa_mask[0]=11111111011111111101111111111110, sa_flags=SA_RESTART|SA_SIGINFO
SIGUSR1: SIG_DFL, sa_mask[0]=00000000000000000000000000000000, sa_flags=none
SIGUSR2: [libjvm.so+0x8c2d30], sa_mask[0]=00000000000000000000000000000000, sa_flags=SA_RESTART|SA_SIGINFO
SIGHUP: SIG_DFL, sa_mask[0]=00000000000000000000000000000000, sa_flags=none
SIGINT: SIG_DFL, sa_mask[0]=00000000000000000000000000000000, sa_flags=none
SIGTERM: SIG_DFL, sa_mask[0]=00000000000000000000000000000000, sa_flags=none
SIGQUIT: SIG_DFL, sa_mask[0]=00000000000000000000000000000000, sa_flags=none


---------------  S Y S T E M  ---------------

OS:DISTRIB_ID=Ubuntu
DISTRIB_RELEASE=16.04
DISTRIB_CODENAME=xenial
DISTRIB_DESCRIPTION="Ubuntu 16.04.6 LTS"

uname:Linux 4.4.0-1092-aws #103-Ubuntu SMP Tue Aug 27 10:21:48 UTC 2019 x86_64
libc:glibc 2.23 NPTL 2.23 
rlimit: STACK 8192k, CORE 0k, NPROC 3900, NOFILE 1048576, AS infinity
load average:0.89 0.22 0.07

/proc/meminfo:
MemTotal:        1014376 kB
MemFree:           80780 kB
MemAvailable:     248144 kB
Buffers:            9524 kB
Cached:           274040 kB
SwapCached:            0 kB
Active:           708892 kB
Inactive:         141256 kB
Active(anon):     569652 kB
Inactive(anon):     2692 kB
Active(file):     139240 kB
Inactive(file):   138564 kB
Unevictable:        3652 kB
Mlocked:            3652 kB
SwapTotal:             0 kB
SwapFree:              0 kB
Dirty:               932 kB
Writeback:             0 kB
AnonPages:        570248 kB
Mapped:            51140 kB
Shmem:              3324 kB
Slab:              54684 kB
SReclaimable:      34568 kB
SUnreclaim:        20116 kB
KernelStack:        3120 kB
PageTables:         4608 kB
NFS_Unstable:          0 kB
Bounce:                0 kB
WritebackTmp:          0 kB
CommitLimit:      507188 kB
Committed_AS:    1091912 kB
VmallocTotal:   34359738367 kB
VmallocUsed:           0 kB
VmallocChunk:          0 kB
HardwareCorrupted:     0 kB
AnonHugePages:         0 kB
CmaTotal:              0 kB
CmaFree:               0 kB
HugePages_Total:       0
HugePages_Free:        0
HugePages_Rsvd:        0
HugePages_Surp:        0
Hugepagesize:       2048 kB
DirectMap4k:       40960 kB
DirectMap2M:     1007616 kB

container (cgroup) information:
container_type: cgroupv1
cpu_cpuset_cpus: 0
cpu_memory_nodes: 0
active_processor_count: 1
cpu_quota: -1
cpu_period: 100000
cpu_shares: -1
memory_limit_in_bytes: -1
memory_and_swap_limit_in_bytes: -2
memory_soft_limit_in_bytes: -1
memory_usage_in_bytes: 788811776
memory_max_usage_in_bytes: 806076416


CPU:total 1 (initial active 1) (1 cores per cpu, 1 threads per core) family 6 model 63 stepping 2, cmov, cx8, fxsr, mmx, sse, sse2, sse3, ssse3, sse4.1, sse4.2, popcnt, avx, avx2, aes, clmul, erms, lzcnt, tsc, bmi1, bmi2

/proc/cpuinfo:
processor	: 0
vendor_id	: GenuineIntel
cpu family	: 6
model		: 63
model name	: Intel(R) Xeon(R) CPU E5-2676 v3 @ 2.40GHz
stepping	: 2
microcode	: 0x43
cpu MHz		: 2400.066
cache size	: 30720 KB
physical id	: 0
siblings	: 1
core id		: 0
cpu cores	: 1
apicid		: 0
initial apicid	: 0
fpu		: yes
fpu_exception	: yes
cpuid level	: 13
wp		: yes
flags		: fpu vme de pse tsc msr pae mce cx8 apic sep mtrr pge mca cmov pat pse36 clflush mmx fxsr sse sse2 ht syscall nx rdtscp lm constant_tsc rep_good nopl xtopology pni pclmulqdq ssse3 fma cx16 pcid sse4_1 sse4_2 x2apic movbe popcnt tsc_deadline_timer aes xsave avx f16c rdrand hypervisor lahf_lm abm invpcid_single pti fsgsbase bmi1 avx2 smep bmi2 erms invpcid xsaveopt
bugs		: cpu_meltdown spectre_v1 spectre_v2 spec_store_bypass l1tf mds swapgs
bogomips	: 4800.13
clflush size	: 64
cache_alignment	: 64
address sizes	: 46 bits physical, 48 bits virtual
power management:



Memory: 4k page, physical 1014376k(80780k free), swap 0k(0k free)

vm_info: OpenJDK 64-Bit Server VM (25.232-b09) for linux-amd64 JRE (1.8.0_232-8u232-b09-0ubuntu1~16.04.1-b09), built on Oct 16 2019 22:12:35 by "buildd" with gcc 5.4.0 20160609

time: Tue Jan  7 22:47:57 2020
timezone: UTC
elapsed time: 0 seconds (0d 0h 0m 0s)

